{"level":"debug","message":"debug1","timestamp":"2016-06-02T02:08:46.510Z"}
{"level":"verbose","message":"verbose1","timestamp":"2016-06-02T02:08:46.516Z"}
{"level":"info","message":"info1","timestamp":"2016-06-02T02:08:46.517Z"}
{"level":"warn","message":"warn1","timestamp":"2016-06-02T02:08:46.518Z"}
{"level":"error","message":"error1","timestamp":"2016-06-02T02:08:46.518Z"}
{"level":"debug","message":"debug1","timestamp":"2016-06-02T02:15:21.758Z"}
{"level":"verbose","message":"verbose1","timestamp":"2016-06-02T02:15:21.761Z"}
{"level":"info","message":"info1","timestamp":"2016-06-02T02:15:21.761Z"}
{"level":"warn","message":"warn1","timestamp":"2016-06-02T02:15:21.761Z"}
{"level":"error","message":"error1","timestamp":"2016-06-02T02:15:21.764Z"}
{"level":"debug","message":"debug1","timestamp":"2016-06-02T02:16:59.905Z"}
{"level":"verbose","message":"verbose1","timestamp":"2016-06-02T02:16:59.908Z"}
{"level":"info","message":"info1","timestamp":"2016-06-02T02:16:59.908Z"}
{"level":"warn","message":"warn1","timestamp":"2016-06-02T02:16:59.908Z"}
{"level":"error","message":"error1","timestamp":"2016-06-02T02:16:59.911Z"}
{"level":"debug","message":"debug1","timestamp":"2016-06-02T02:19:44.339Z"}
{"level":"verbose","message":"verbose1","timestamp":"2016-06-02T02:19:44.342Z"}
{"level":"info","message":"info1","timestamp":"2016-06-02T02:19:44.342Z"}
{"level":"warn","message":"warn1","timestamp":"2016-06-02T02:19:44.342Z"}
{"level":"error","message":"error1","timestamp":"2016-06-02T02:19:44.345Z"}
{"level":"debug","message":"debug1","timestamp":"2016-06-02T02:36:43.271Z"}
{"level":"verbose","message":"verbose1","timestamp":"2016-06-02T02:36:43.274Z"}
{"level":"info","message":"info1","timestamp":"2016-06-02T02:36:43.274Z"}
{"level":"warn","message":"warn1","timestamp":"2016-06-02T02:36:43.274Z"}
{"level":"error","message":"error1","timestamp":"2016-06-02T02:36:43.276Z"}
{"level":"debug","message":"debug1","timestamp":"2016-06-02T05:29:02.875Z"}
{"level":"verbose","message":"verbose1","timestamp":"2016-06-02T05:29:02.877Z"}
{"level":"info","message":"info1","timestamp":"2016-06-02T05:29:02.878Z"}
{"level":"warn","message":"warn1","timestamp":"2016-06-02T05:29:02.878Z"}
{"level":"error","message":"error1","timestamp":"2016-06-02T05:29:02.880Z"}
{"level":"debug","message":"debug1","timestamp":"2016-06-02T05:52:17.398Z"}
{"level":"verbose","message":"verbose1","timestamp":"2016-06-02T05:52:17.401Z"}
{"level":"info","message":"info1","timestamp":"2016-06-02T05:52:17.401Z"}
{"level":"warn","message":"warn1","timestamp":"2016-06-02T05:52:17.401Z"}
{"level":"error","message":"error1","timestamp":"2016-06-02T05:52:17.403Z"}
{"level":"debug","message":"debug1","timestamp":"2016-06-02T06:18:43.488Z"}
{"level":"verbose","message":"verbose1","timestamp":"2016-06-02T06:18:43.493Z"}
{"level":"info","message":"info1","timestamp":"2016-06-02T06:18:43.493Z"}
{"level":"warn","message":"warn1","timestamp":"2016-06-02T06:18:43.493Z"}
{"level":"error","message":"error1","timestamp":"2016-06-02T06:18:43.498Z"}
